Arguments: 
  /usr/local/bin/node /usr/share/yarn/bin/yarn.js cache ls

PATH: 
  /usr/local/sbin:/usr/local/bin:/usr/sbin:/usr/bin:/sbin:/bin

Yarn version: 
  0.16.1

Node version: 
  5.4.1

Platform: 
  linux x64

npm manifest: 
  {
    "dependencies": {
      "axios": "^0.15.2",
      "bootstrap": "^3.3.7",
      "vee-validate": "^1.0.0-beta.9"
    }
  }

yarn manifest: 
  No manifest

bower manifest: 
  No manifest

Lockfile: 
  # THIS IS AN AUTOGENERATED FILE. DO NOT EDIT THIS FILE DIRECTLY.
  # yarn lockfile v1
  axios:
    version "0.15.2"
    resolved "https://registry.yarnpkg.com/axios/-/axios-0.15.2.tgz#496f50980b2ce1ad2e195af93c2d03b4d035e90d"
    dependencies:
      follow-redirects "0.0.7"
  
  bootstrap:
    version "3.3.7"
    resolved "https://registry.yarnpkg.com/bootstrap/-/bootstrap-3.3.7.tgz#5a389394549f23330875a3b150656574f8a9eb71"
  
  debug@^2.2.0:
    version "2.3.0"
    resolved "https://registry.yarnpkg.com/debug/-/debug-2.3.0.tgz#3912dc55d7167fc3af17d2b85c13f93deaedaa43"
    dependencies:
      ms "0.7.2"
  
  follow-redirects@0.0.7:
    version "0.0.7"
    resolved "https://registry.yarnpkg.com/follow-redirects/-/follow-redirects-0.0.7.tgz#34b90bab2a911aa347571da90f22bd36ecd8a919"
    dependencies:
      debug "^2.2.0"
      stream-consume "^0.1.0"
  
  ms@0.7.2:
    version "0.7.2"
    resolved "https://registry.yarnpkg.com/ms/-/ms-0.7.2.tgz#ae25cf2512b3885a1d95d7f037868d8431124765"
  
  stream-consume@^0.1.0:
    version "0.1.0"
    resolved "https://registry.yarnpkg.com/stream-consume/-/stream-consume-0.1.0.tgz#a41ead1a6d6081ceb79f65b061901b6d8f3d1d0f"
  
  vee-validate:
    version "1.0.0-beta.9"
    resolved "https://registry.yarnpkg.com/vee-validate/-/vee-validate-1.0.0-beta.9.tgz#e839c73e088b3a8e8b1c5d9e898b35f520ede5e1"

Trace: 
  Error: ENOENT: no such file or directory, open '/home/jeangerard/.yarn-cache/npm-@ionic/.yarn-metadata.json'
      at Error (native)
